# JRE version: Java(TM) SE Runtime Environment (21.0.9+7) (build 21.0.9+7-LTS-338)
# Java VM: Java HotSpot(TM) 64-Bit Server VM (21.0.9+7-LTS-338, mixed mode, sharing, tiered, compressed oops, compressed class ptrs, g1 gc, windows-amd64)
GC Precious Log:
 CardTable entry size: 512
 Card Set container configuration: InlinePtr #cards 4 size 8 Array Of Cards #cards 16 size 48 Howl #buckets 8 coarsen threshold 3686 Howl Bitmap #cards 512 size 80 coarsen threshold 460 Card regions per heap region 1 cards per card region 4096
 CPUs: 16 total, 16 available
 Memory: 16087M
 Large Page Support: Disabled
 NUMA Support: Disabled
 Compressed Oops: Enabled (Zero based)
 Heap Region Size: 2M
 Heap Min Capacity: 8M
 Heap Initial Capacity: 252M
 Heap Max Capacity: 4022M
 Pre-touch: Disabled
 Parallel Workers: 13
 Concurrent Workers: 3
 Concurrent Refinement Workers: 13
 Periodic GC: Disabled
Heap:
 garbage-first heap   total 34816K, used 15277K [0x0000000704a00000, 0x0000000800000000)
  region size 2048K, 6 young (12288K), 2 survivors (4096K)
 Metaspace       used 47087K, committed 47360K, reserved 1114112K
  class space    used 8186K, committed 8256K, reserved 1048576K
GC Heap History (20 events):
Event: 0.814 GC heap before
{Heap before GC invocations=2 (full 0):
 garbage-first heap   total 258048K, used 6488K [0x0000000704a00000, 0x0000000800000000)
  region size 2048K, 5 young (10240K), 3 survivors (6144K)
 Metaspace       used 21387K, committed 21504K, reserved 1114112K
  class space    used 1990K, committed 2048K, reserved 1048576K
}
Event: 0.816 GC heap after
{Heap after GC invocations=3 (full 0):
 garbage-first heap   total 258048K, used 5059K [0x0000000704a00000, 0x0000000800000000)
  region size 2048K, 3 young (6144K), 3 survivors (6144K)
 Metaspace       used 21387K, committed 21504K, reserved 1114112K
  class space    used 1990K, committed 2048K, reserved 1048576K
}
Event: 1.187 GC heap before
{Heap before GC invocations=4 (full 0):
 garbage-first heap   total 28672K, used 27587K [0x0000000704a00000, 0x0000000800000000)
  region size 2048K, 14 young (28672K), 3 survivors (6144K)
 Metaspace       used 25453K, committed 25600K, reserved 1114112K
  class space    used 2774K, committed 2816K, reserved 1048576K
}
Event: 1.196 GC heap after
{Heap after GC invocations=5 (full 0):
 garbage-first heap   total 36864K, used 6702K [0x0000000704a00000, 0x0000000800000000)
  region size 2048K, 4 young (8192K), 4 survivors (8192K)
 Metaspace       used 25453K, committed 25600K, reserved 1114112K
  class space    used 2774K, committed 2816K, reserved 1048576K
}
Event: 441.000 GC heap before
{Heap before GC invocations=5 (full 0):
 garbage-first heap   total 36864K, used 18990K [0x0000000704a00000, 0x0000000800000000)
  region size 2048K, 10 young (20480K), 4 survivors (8192K)
 Metaspace       used 27389K, committed 27520K, reserved 1114112K
  class space    used 3149K, committed 3200K, reserved 1048576K
}
Event: 441.005 GC heap after
{Heap after GC invocations=6 (full 0):
 garbage-first heap   total 36864K, used 6611K [0x0000000704a00000, 0x0000000800000000)
  region size 2048K, 2 young (4096K), 2 survivors (4096K)
 Metaspace       used 27389K, committed 27520K, reserved 1114112K
  class space    used 3149K, committed 3200K, reserved 1048576K
}
Event: 1149.981 GC heap before
{Heap before GC invocations=6 (full 0):
 garbage-first heap   total 36864K, used 22995K [0x0000000704a00000, 0x0000000800000000)
  region size 2048K, 10 young (20480K), 2 survivors (4096K)
 Metaspace       used 31929K, committed 32128K, reserved 1114112K
  class space    used 4272K, committed 4352K, reserved 1048576K
}
Event: 1149.983 GC heap after
{Heap after GC invocations=7 (full 0):
 garbage-first heap   total 36864K, used 7181K [0x0000000704a00000, 0x0000000800000000)
  region size 2048K, 2 young (4096K), 2 survivors (4096K)
 Metaspace       used 31929K, committed 32128K, reserved 1114112K
  class space    used 4272K, committed 4352K, reserved 1048576K
}
Event: 1240.349 GC heap before
{Heap before GC invocations=7 (full 0):
 garbage-first heap   total 36864K, used 19469K [0x0000000704a00000, 0x0000000800000000)
  region size 2048K, 9 young (18432K), 2 survivors (4096K)
 Metaspace       used 35810K, committed 35968K, reserved 1114112K
  class space    used 5282K, committed 5312K, reserved 1048576K
}
Event: 1240.352 GC heap after
{Heap after GC invocations=8 (full 0):
 garbage-first heap   total 36864K, used 7567K [0x0000000704a00000, 0x0000000800000000)
  region size 2048K, 1 young (2048K), 1 survivors (2048K)
 Metaspace       used 35810K, committed 35968K, reserved 1114112K
  class space    used 5282K, committed 5312K, reserved 1048576K
}
Event: 1529.003 GC heap before
{Heap before GC invocations=9 (full 0):
 garbage-first heap   total 34816K, used 25999K [0x0000000704a00000, 0x0000000800000000)
  region size 2048K, 10 young (20480K), 1 survivors (2048K)
 Metaspace       used 40707K, committed 40960K, reserved 1114112K
  class space    used 6527K, committed 6592K, reserved 1048576K
}
Event: 1529.008 GC heap after
{Heap after GC invocations=10 (full 0):
 garbage-first heap   total 34816K, used 8589K [0x0000000704a00000, 0x0000000800000000)
  region size 2048K, 2 young (4096K), 2 survivors (4096K)
 Metaspace       used 40707K, committed 40960K, reserved 1114112K
  class space    used 6527K, committed 6592K, reserved 1048576K
}
Event: 2136.679 GC heap before
{Heap before GC invocations=10 (full 0):
 garbage-first heap   total 34816K, used 24973K [0x0000000704a00000, 0x0000000800000000)
  region size 2048K, 10 young (20480K), 2 survivors (4096K)
 Metaspace       used 43135K, committed 43392K, reserved 1114112K
  class space    used 7153K, committed 7232K, reserved 1048576K
}
Event: 2136.687 GC heap after
{Heap after GC invocations=11 (full 0):
 garbage-first heap   total 34816K, used 8864K [0x0000000704a00000, 0x0000000800000000)
  region size 2048K, 2 young (4096K), 2 survivors (4096K)
 Metaspace       used 43135K, committed 43392K, reserved 1114112K
  class space    used 7153K, committed 7232K, reserved 1048576K
}
Event: 11202.990 GC heap before
{Heap before GC invocations=11 (full 0):
 garbage-first heap   total 34816K, used 25248K [0x0000000704a00000, 0x0000000800000000)
  region size 2048K, 10 young (20480K), 2 survivors (4096K)
 Metaspace       used 43140K, committed 43392K, reserved 1114112K
  class space    used 7153K, committed 7232K, reserved 1048576K
}
Event: 11202.997 GC heap after
{Heap after GC invocations=12 (full 0):
 garbage-first heap   total 34816K, used 8667K [0x0000000704a00000, 0x0000000800000000)
  region size 2048K, 1 young (2048K), 1 survivors (2048K)
 Metaspace       used 43140K, committed 43392K, reserved 1114112K
  class space    used 7153K, committed 7232K, reserved 1048576K
}
Event: 25912.592 GC heap before
{Heap before GC invocations=12 (full 0):
 garbage-first heap   total 34816K, used 27099K [0x0000000704a00000, 0x0000000800000000)
  region size 2048K, 10 young (20480K), 1 survivors (2048K)
 Metaspace       used 43155K, committed 43392K, reserved 1114112K
  class space    used 7153K, committed 7232K, reserved 1048576K
}
Event: 25912.599 GC heap after
{Heap after GC invocations=13 (full 0):
 garbage-first heap   total 34816K, used 8741K [0x0000000704a00000, 0x0000000800000000)
  region size 2048K, 1 young (2048K), 1 survivors (2048K)
 Metaspace       used 43155K, committed 43392K, reserved 1114112K
  class space    used 7153K, committed 7232K, reserved 1048576K
}
Event: 29878.335 GC heap before
{Heap before GC invocations=13 (full 0):
 garbage-first heap   total 34816K, used 27173K [0x0000000704a00000, 0x0000000800000000)
  region size 2048K, 10 young (20480K), 1 survivors (2048K)
 Metaspace       used 45151K, committed 45376K, reserved 1114112K
  class space    used 7670K, committed 7744K, reserved 1048576K
}
Event: 29878.339 GC heap after
{Heap after GC invocations=14 (full 0):
 garbage-first heap   total 34816K, used 9133K [0x0000000704a00000, 0x0000000800000000)
  region size 2048K, 2 young (4096K), 2 survivors (4096K)
 Metaspace       used 45151K, committed 45376K, reserved 1114112K
  class space    used 7670K, committed 7744K, reserved 1048576K
}

