# JRE version: Java(TM) SE Runtime Environment (21.0.9+7) (build 21.0.9+7-LTS-338)
# Java VM: Java HotSpot(TM) 64-Bit Server VM (21.0.9+7-LTS-338, mixed mode, sharing, tiered, compressed oops, compressed class ptrs, g1 gc, windows-amd64)
GC Precious Log:
 CardTable entry size: 512
 Card Set container configuration: InlinePtr #cards 4 size 8 Array Of Cards #cards 16 size 48 Howl #buckets 8 coarsen threshold 3686 Howl Bitmap #cards 512 size 80 coarsen threshold 460 Card regions per heap region 1 cards per card region 4096
 CPUs: 16 total, 16 available
 Memory: 16087M
 Large Page Support: Disabled
 NUMA Support: Disabled
 Compressed Oops: Enabled (Zero based)
 Heap Region Size: 2M
 Heap Min Capacity: 8M
 Heap Initial Capacity: 252M
 Heap Max Capacity: 4022M
 Pre-touch: Disabled
 Parallel Workers: 13
 Concurrent Workers: 3
 Concurrent Refinement Workers: 13
 Periodic GC: Disabled
Heap:
 garbage-first heap   total 34816K, used 20027K [0x0000000704a00000, 0x0000000800000000)
  region size 2048K, 9 young (18432K), 2 survivors (4096K)
 Metaspace       used 38634K, committed 38848K, reserved 1114112K
  class space    used 6005K, committed 6080K, reserved 1048576K
GC Heap History (16 events):
Event: 0.288 GC heap before
{Heap before GC invocations=0 (full 0):
 garbage-first heap   total 258048K, used 20480K [0x0000000704a00000, 0x0000000800000000)
  region size 2048K, 11 young (22528K), 0 survivors (0K)
 Metaspace       used 6428K, committed 6528K, reserved 1114112K
  class space    used 365K, committed 448K, reserved 1048576K
}
Event: 0.291 GC heap after
{Heap after GC invocations=1 (full 0):
 garbage-first heap   total 258048K, used 2394K [0x0000000704a00000, 0x0000000800000000)
  region size 2048K, 2 young (4096K), 2 survivors (4096K)
 Metaspace       used 6428K, committed 6528K, reserved 1114112K
  class space    used 365K, committed 448K, reserved 1048576K
}
Event: 0.766 GC heap before
{Heap before GC invocations=1 (full 0):
 garbage-first heap   total 258048K, used 43354K [0x0000000704a00000, 0x0000000800000000)
  region size 2048K, 22 young (45056K), 2 survivors (4096K)
 Metaspace       used 20112K, committed 20288K, reserved 1114112K
  class space    used 1912K, committed 1984K, reserved 1048576K
}
Event: 0.771 GC heap after
{Heap after GC invocations=2 (full 0):
 garbage-first heap   total 258048K, used 4413K [0x0000000704a00000, 0x0000000800000000)
  region size 2048K, 3 young (6144K), 3 survivors (6144K)
 Metaspace       used 20112K, committed 20288K, reserved 1114112K
  class space    used 1912K, committed 1984K, reserved 1048576K
}
Event: 0.836 GC heap before
{Heap before GC invocations=2 (full 0):
 garbage-first heap   total 258048K, used 6461K [0x0000000704a00000, 0x0000000800000000)
  region size 2048K, 5 young (10240K), 3 survivors (6144K)
 Metaspace       used 21388K, committed 21504K, reserved 1114112K
  class space    used 1990K, committed 2048K, reserved 1048576K
}
Event: 0.840 GC heap after
{Heap after GC invocations=3 (full 0):
 garbage-first heap   total 258048K, used 4827K [0x0000000704a00000, 0x0000000800000000)
  region size 2048K, 3 young (6144K), 3 survivors (6144K)
 Metaspace       used 21388K, committed 21504K, reserved 1114112K
  class space    used 1990K, committed 2048K, reserved 1048576K
}
Event: 1.210 GC heap before
{Heap before GC invocations=4 (full 0):
 garbage-first heap   total 28672K, used 27355K [0x0000000704a00000, 0x0000000800000000)
  region size 2048K, 14 young (28672K), 3 survivors (6144K)
 Metaspace       used 25062K, committed 25152K, reserved 1114112K
  class space    used 2667K, committed 2688K, reserved 1048576K
}
Event: 1.215 GC heap after
{Heap after GC invocations=5 (full 0):
 garbage-first heap   total 34816K, used 6111K [0x0000000704a00000, 0x0000000800000000)
  region size 2048K, 3 young (6144K), 3 survivors (6144K)
 Metaspace       used 25062K, committed 25152K, reserved 1114112K
  class space    used 2667K, committed 2688K, reserved 1048576K
}
Event: 364.459 GC heap before
{Heap before GC invocations=5 (full 0):
 garbage-first heap   total 34816K, used 20447K [0x0000000704a00000, 0x0000000800000000)
  region size 2048K, 10 young (20480K), 3 survivors (6144K)
 Metaspace       used 27617K, committed 27776K, reserved 1114112K
  class space    used 3206K, committed 3264K, reserved 1048576K
}
Event: 364.469 GC heap after
{Heap after GC invocations=6 (full 0):
 garbage-first heap   total 34816K, used 6459K [0x0000000704a00000, 0x0000000800000000)
  region size 2048K, 2 young (4096K), 2 survivors (4096K)
 Metaspace       used 27617K, committed 27776K, reserved 1114112K
  class space    used 3206K, committed 3264K, reserved 1048576K
}
Event: 1455.713 GC heap before
{Heap before GC invocations=6 (full 0):
 garbage-first heap   total 34816K, used 22843K [0x0000000704a00000, 0x0000000800000000)
  region size 2048K, 10 young (20480K), 2 survivors (4096K)
 Metaspace       used 31565K, committed 31744K, reserved 1114112K
  class space    used 4202K, committed 4288K, reserved 1048576K
}
Event: 1455.715 GC heap after
{Heap after GC invocations=7 (full 0):
 garbage-first heap   total 34816K, used 6957K [0x0000000704a00000, 0x0000000800000000)
  region size 2048K, 2 young (4096K), 2 survivors (4096K)
 Metaspace       used 31565K, committed 31744K, reserved 1114112K
  class space    used 4202K, committed 4288K, reserved 1048576K
}
Event: 3607.135 GC heap before
{Heap before GC invocations=7 (full 0):
 garbage-first heap   total 34816K, used 23341K [0x0000000704a00000, 0x0000000800000000)
  region size 2048K, 10 young (20480K), 2 survivors (4096K)
 Metaspace       used 34607K, committed 34816K, reserved 1114112K
  class space    used 4944K, committed 5056K, reserved 1048576K
}
Event: 3607.139 GC heap after
{Heap after GC invocations=8 (full 0):
 garbage-first heap   total 34816K, used 7571K [0x0000000704a00000, 0x0000000800000000)
  region size 2048K, 2 young (4096K), 2 survivors (4096K)
 Metaspace       used 34607K, committed 34816K, reserved 1114112K
  class space    used 4944K, committed 5056K, reserved 1048576K
}
Event: 3607.198 GC heap before
{Heap before GC invocations=8 (full 0):
 garbage-first heap   total 34816K, used 9619K [0x0000000704a00000, 0x0000000800000000)
  region size 2048K, 4 young (8192K), 2 survivors (4096K)
 Metaspace       used 35834K, committed 35968K, reserved 1114112K
  class space    used 5294K, committed 5376K, reserved 1048576K
}
Event: 3607.200 GC heap after
{Heap after GC invocations=9 (full 0):
 garbage-first heap   total 34816K, used 7739K [0x0000000704a00000, 0x0000000800000000)
  region size 2048K, 2 young (4096K), 2 survivors (4096K)
 Metaspace       used 35834K, committed 35968K, reserved 1114112K
  class space    used 5294K, committed 5376K, reserved 1048576K
}

