# JRE version: Java(TM) SE Runtime Environment (25.0.2+10) (build 25.0.2+10-LTS-69)
# Java VM: Java HotSpot(TM) 64-Bit Server VM (25.0.2+10-LTS-69, mixed mode, sharing, tiered, compressed oops, compressed class ptrs, g1 gc, windows-amd64)
GC Precious Log:
 CardTable entry size: 512
 Card Set container configuration: InlinePtr #cards 4 size 8 Array Of Cards #cards 32 size 80 Howl #buckets 8 coarsen threshold 7372 Howl Bitmap #cards 1024 size 144 coarsen threshold 921 Card regions per heap region 1 cards per card region 8192
 CPUs: 14 total, 14 available
 Memory: 32253M
 Large Page Support: Disabled
 NUMA Support: Disabled
 Compressed Oops: Enabled (Zero based)
 Heap Region Size: 4M
 Heap Min Capacity: 8M
 Heap Initial Capacity: 504M
 Heap Max Capacity: 8064M
 Pre-touch: Disabled
 Parallel Workers: 11
 Concurrent Workers: 3
 Concurrent Refinement Workers: 11
 Periodic GC: Disabled
Heap:
 garbage-first heap   total reserved 8257536K, committed 49152K, used 14269K [0x0000000608000000, 0x0000000800000000)
  region size 4096K, 4 young (16384K), 1 survivors (4096K)
GC Heap Usage History (10 events):
Event: 0.553 {heap Before GC invocations=0 (full 0):
 garbage-first heap   total reserved 8257536K, committed 520192K, used 46229K [0x0000000608000000, 0x0000000800000000)
  region size 4096K, 12 young (49152K), 0 survivors (0K)
}
Event: 0.559 {heap After GC invocations=1 (full 0):
 garbage-first heap   total reserved 8257536K, committed 520192K, used 4500K [0x0000000608000000, 0x0000000800000000)
  region size 4096K, 1 young (4096K), 1 survivors (4096K)
}
Event: 0.764 {heap Before GC invocations=1 (full 0):
 garbage-first heap   total reserved 8257536K, committed 520192K, used 12692K [0x0000000608000000, 0x0000000800000000)
  region size 4096K, 4 young (16384K), 1 survivors (4096K)
}
Event: 0.767 {heap After GC invocations=2 (full 0):
 garbage-first heap   total reserved 8257536K, committed 520192K, used 5428K [0x0000000608000000, 0x0000000800000000)
  region size 4096K, 2 young (8192K), 2 survivors (8192K)
}
Event: 5.093 {heap Before GC invocations=3 (full 0):
 garbage-first heap   total reserved 8257536K, committed 40960K, used 34100K [0x0000000608000000, 0x0000000800000000)
  region size 4096K, 9 young (36864K), 2 survivors (8192K)
}
Event: 5.096 {heap After GC invocations=4 (full 0):
 garbage-first heap   total reserved 8257536K, committed 49152K, used 5775K [0x0000000608000000, 0x0000000800000000)
  region size 4096K, 2 young (8192K), 2 survivors (8192K)
}
Event: 1821.616 {heap Before GC invocations=4 (full 0):
 garbage-first heap   total reserved 8257536K, committed 49152K, used 26255K [0x0000000608000000, 0x0000000800000000)
  region size 4096K, 7 young (28672K), 2 survivors (8192K)
}
Event: 1821.630 {heap After GC invocations=5 (full 0):
 garbage-first heap   total reserved 8257536K, committed 49152K, used 6155K [0x0000000608000000, 0x0000000800000000)
  region size 4096K, 1 young (4096K), 1 survivors (4096K)
}
Event: 13042.937 {heap Before GC invocations=5 (full 0):
 garbage-first heap   total reserved 8257536K, committed 49152K, used 30731K [0x0000000608000000, 0x0000000800000000)
  region size 4096K, 7 young (28672K), 1 survivors (4096K)
}
Event: 13042.945 {heap After GC invocations=6 (full 0):
 garbage-first heap   total reserved 8257536K, committed 49152K, used 6077K [0x0000000608000000, 0x0000000800000000)
  region size 4096K, 1 young (4096K), 1 survivors (4096K)
}

